
Fri May 03 2024 12:52:01:350 GMT+0530 (India Standard Time) -- Starting configuration console on http://localhost:45454
Fri May 03 2024 12:52:01:754 GMT+0530 (India Standard Time) -- [SUCCESS] You can now access your local server(s) in our remote browser

Fri May 03 2024 12:52:01:816 GMT+0530 (India Standard Time) -- Press Ctrl-C to exit



Fri May 03 2024 13:40:42:826 GMT+0530 (India Standard Time) -- [SUCCESS] You can now access your local server(s) in our remote browser

Fri May 03 2024 13:40:42:967 GMT+0530 (India Standard Time) -- Press Ctrl-C to exit


Fri May 03 2024 13:40:43:503 GMT+0530 (India Standard Time) -- Starting configuration console on http://localhost:45454

Fri May 03 2024 13:50:22:922 GMT+0530 (India Standard Time) -- [SUCCESS] You can now access your local server(s) in our remote browser

Fri May 03 2024 13:50:22:952 GMT+0530 (India Standard Time) -- Press Ctrl-C to exit


Fri May 03 2024 13:50:23:423 GMT+0530 (India Standard Time) -- Starting configuration console on http://localhost:45454

Fri May 03 2024 13:53:58:187 GMT+0530 (India Standard Time) -- Starting configuration console on http://localhost:45454
Fri May 03 2024 13:53:58:249 GMT+0530 (India Standard Time) -- [SUCCESS] You can now access your local server(s) in our remote browser

Fri May 03 2024 13:53:58:389 GMT+0530 (India Standard Time) -- Press Ctrl-C to exit



Fri May 03 2024 13:57:21:678 GMT+0530 (India Standard Time) -- [SUCCESS] You can now access your local server(s) in our remote browser

Fri May 03 2024 13:57:21:740 GMT+0530 (India Standard Time) -- Press Ctrl-C to exit


Fri May 03 2024 13:57:22:596 GMT+0530 (India Standard Time) -- Starting configuration console on http://localhost:45454

Fri May 03 2024 14:04:36:152 GMT+0530 (India Standard Time) -- [SUCCESS] You can now access your local server(s) in our remote browser

Fri May 03 2024 14:04:36:244 GMT+0530 (India Standard Time) -- Press Ctrl-C to exit


Fri May 03 2024 14:04:36:835 GMT+0530 (India Standard Time) -- Starting configuration console on http://localhost:45454

Fri May 03 2024 14:05:36:551 GMT+0530 (India Standard Time) -- [SUCCESS] You can now access your local server(s) in our remote browser

Fri May 03 2024 14:05:36:658 GMT+0530 (India Standard Time) -- Press Ctrl-C to exit


Fri May 03 2024 14:05:37:467 GMT+0530 (India Standard Time) -- Starting configuration console on http://localhost:45454

Fri May 03 2024 14:06:20:615 GMT+0530 (India Standard Time) -- [SUCCESS] You can now access your local server(s) in our remote browser

Fri May 03 2024 14:06:20:752 GMT+0530 (India Standard Time) -- Press Ctrl-C to exit


Fri May 03 2024 14:06:20:952 GMT+0530 (India Standard Time) -- Starting configuration console on http://localhost:45454
Fri May 03 2024 14:09:44:632 GMT+0530 (India Standard Time) -- Press Ctrl-C to exit


Fri May 03 2024 14:09:44:847 GMT+0530 (India Standard Time) -- Received runtime exception: TypeError: Cannot set property 'onmessage' of null
    at repeaterConnection.onopen (bslocal.js:1:135651)
    at he.<anonymous> (bslocal.js:1:61700)
    at x.o (bslocal.js:1:13798391)
    at x.emit (events.js:198:13)
    at x.S (bslocal.js:1:13804384)
    at ClientRequest.e (bslocal.js:1:13803178)
    at Object.onceWrapper (events.js:286:20)
    at ClientRequest.emit (events.js:198:13)
    at TLSSocket.socketOnData (_http_client.js:484:11)
    at TLSSocket.emit (events.js:198:13)
Fri May 03 2024 14:09:44:847 GMT+0530 (India Standard Time) -- Exiting.
Fri May 03 2024 14:09:44:956 GMT+0530 (India Standard Time) -- Press Ctrl-C to exit



Fri May 03 2024 14:12:48:768 GMT+0530 (India Standard Time) -- Starting configuration console on http://localhost:45454
Fri May 03 2024 14:12:50:673 GMT+0530 (India Standard Time) -- [SUCCESS] You can now access your local server(s) in our remote browser

Fri May 03 2024 14:12:51:229 GMT+0530 (India Standard Time) -- Press Ctrl-C to exit



Fri May 03 2024 14:17:35:456 GMT+0530 (India Standard Time) -- [SUCCESS] You can now access your local server(s) in our remote browser

Fri May 03 2024 14:17:35:792 GMT+0530 (India Standard Time) -- Starting configuration console on http://localhost:45454
Fri May 03 2024 14:17:36:322 GMT+0530 (India Standard Time) -- Press Ctrl-C to exit



Fri May 03 2024 14:36:46:584 GMT+0530 (India Standard Time) -- [SUCCESS] You can now access your local server(s) in our remote browser

Fri May 03 2024 14:36:46:940 GMT+0530 (India Standard Time) -- Press Ctrl-C to exit


Fri May 03 2024 14:36:47:101 GMT+0530 (India Standard Time) -- Starting configuration console on http://localhost:45454

Fri May 03 2024 14:40:54:831 GMT+0530 (India Standard Time) -- [SUCCESS] You can now access your local server(s) in our remote browser

Fri May 03 2024 14:40:54:861 GMT+0530 (India Standard Time) -- Press Ctrl-C to exit


Fri May 03 2024 14:40:55:394 GMT+0530 (India Standard Time) -- Starting configuration console on http://localhost:45454

Fri May 03 2024 14:45:01:560 GMT+0530 (India Standard Time) -- [SUCCESS] You can now access your local server(s) in our remote browser

Fri May 03 2024 14:45:02:9 GMT+0530 (India Standard Time) -- Starting configuration console on http://localhost:45454
Fri May 03 2024 14:45:02:195 GMT+0530 (India Standard Time) -- Press Ctrl-C to exit


